<?xml version="1.0" encoding="UTF-8"?>
<testng-results ignored="0" total="2" passed="2" failed="0" skipped="0">
  <reporter-output>
  </reporter-output>
  <suite started-at="2021-07-02T00:25:01Z" name="Data Driven Basics" finished-at="2021-07-02T00:25:08Z" duration-ms="6561">
    <groups>
    </groups>
    <test started-at="2021-07-02T00:25:01Z" name="BankManagerLoginTest" finished-at="2021-07-02T00:25:04Z" duration-ms="3108">
      <class name="com.w2a.testcases.BankManagerLoginTest">
        <test-method signature="loginAsBankManager()[pri:0, instance:com.w2a.testcases.BankManagerLoginTest@7dda48d9]" started-at="2021-07-02T05:55:01Z" name="loginAsBankManager" finished-at="2021-07-02T05:55:04Z" duration-ms="3097" status="PASS">
          <reporter-output>
          </reporter-output>
        </test-method> <!-- loginAsBankManager -->
      </class> <!-- com.w2a.testcases.BankManagerLoginTest -->
    </test> <!-- BankManagerLoginTest -->
    <test started-at="2021-07-02T00:25:04Z" name="Add Customer Test" finished-at="2021-07-02T00:25:08Z" duration-ms="3433">
      <class name="com.w2a.testcases.AddCustomerTest">
        <test-method is-config="true" signature="setUp()[pri:0, instance:com.w2a.testcases.AddCustomerTest@40238dd0]" started-at="2021-07-02T05:54:55Z" name="setUp" finished-at="2021-07-02T05:55:01Z" duration-ms="5725" status="PASS">
          <reporter-output>
          </reporter-output>
        </test-method> <!-- setUp -->
        <test-method signature="addCustomer(java.lang.String, java.lang.String, java.lang.String, java.lang.String)[pri:0, instance:com.w2a.testcases.AddCustomerTest@40238dd0]" started-at="2021-07-02T05:55:04Z" name="addCustomer" data-provider="getData" finished-at="2021-07-02T05:55:08Z" duration-ms="3415" status="PASS">
          <params>
            <param index="0">
              <value>
                <![CDATA[Siddu]]>
              </value>
            </param>
            <param index="1">
              <value>
                <![CDATA[Sid]]>
              </value>
            </param>
            <param index="2">
              <value>
                <![CDATA[234592.0]]>
              </value>
            </param>
            <param index="3">
              <value>
                <![CDATA[Customer added successfully with customer]]>
              </value>
            </param>
          </params>
          <reporter-output>
          </reporter-output>
        </test-method> <!-- addCustomer -->
        <test-method is-config="true" signature="tearDown()[pri:0, instance:com.w2a.testcases.AddCustomerTest@40238dd0]" started-at="2021-07-02T05:55:08Z" name="tearDown" finished-at="2021-07-02T05:55:08Z" duration-ms="727" status="PASS">
          <reporter-output>
          </reporter-output>
        </test-method> <!-- tearDown -->
      </class> <!-- com.w2a.testcases.AddCustomerTest -->
    </test> <!-- Add Customer Test -->
  </suite> <!-- Data Driven Basics -->
</testng-results>
