<?xml version="1.0" encoding="UTF-8"?>
<testng-results ignored="0" total="2" passed="2" failed="0" skipped="0">
  <reporter-output>
  </reporter-output>
  <suite started-at="2021-06-29T00:15:40Z" name="Data Driven Basics" finished-at="2021-06-29T00:15:48Z" duration-ms="7381">
    <groups>
    </groups>
    <test started-at="2021-06-29T00:15:40Z" name="BankManagerLoginTest" finished-at="2021-06-29T00:15:45Z" duration-ms="4024">
      <class name="com.w2a.testcases.BankManagerLoginTest">
        <test-method signature="loginAsBankManager()[pri:0, instance:com.w2a.testcases.BankManagerLoginTest@6d9f7a80]" started-at="2021-06-29T05:45:41Z" name="loginAsBankManager" finished-at="2021-06-29T05:45:45Z" duration-ms="4012" status="PASS">
          <reporter-output>
          </reporter-output>
        </test-method> <!-- loginAsBankManager -->
      </class> <!-- com.w2a.testcases.BankManagerLoginTest -->
    </test> <!-- BankManagerLoginTest -->
    <test started-at="2021-06-29T00:15:45Z" name="Add Customer Test" finished-at="2021-06-29T00:15:48Z" duration-ms="3343">
      <class name="com.w2a.testcases.AddCustomerTest">
        <test-method is-config="true" signature="setUp()[pri:0, instance:com.w2a.testcases.AddCustomerTest@65045a87]" started-at="2021-06-29T05:45:36Z" name="setUp" finished-at="2021-06-29T05:45:40Z" duration-ms="4469" status="PASS">
          <reporter-output>
          </reporter-output>
        </test-method> <!-- setUp -->
        <test-method signature="addCustomer(java.lang.String, java.lang.String, java.lang.String, java.lang.String)[pri:0, instance:com.w2a.testcases.AddCustomerTest@65045a87]" started-at="2021-06-29T05:45:45Z" name="addCustomer" data-provider="getData" finished-at="2021-06-29T05:45:48Z" duration-ms="3325" status="PASS">
          <params>
            <param index="0">
              <value>
                <![CDATA[Siddu]]>
              </value>
            </param>
            <param index="1">
              <value>
                <![CDATA[Sid]]>
              </value>
            </param>
            <param index="2">
              <value>
                <![CDATA[234592.0]]>
              </value>
            </param>
            <param index="3">
              <value>
                <![CDATA[Customer added successfully with customer]]>
              </value>
            </param>
          </params>
          <reporter-output>
          </reporter-output>
        </test-method> <!-- addCustomer -->
        <test-method is-config="true" signature="tearDown()[pri:0, instance:com.w2a.testcases.AddCustomerTest@65045a87]" started-at="2021-06-29T05:45:48Z" name="tearDown" finished-at="2021-06-29T05:45:49Z" duration-ms="665" status="PASS">
          <reporter-output>
          </reporter-output>
        </test-method> <!-- tearDown -->
      </class> <!-- com.w2a.testcases.AddCustomerTest -->
    </test> <!-- Add Customer Test -->
  </suite> <!-- Data Driven Basics -->
</testng-results>
